0 info it worked if it ends with ok
1 verbose cli [ '/usr/bin/nodejs', '/usr/bin/npm', 'run', 'compile' ]
2 info using npm@3.5.2
3 info using node@v4.2.6
4 verbose run-script [ 'precompile', 'compile', 'postcompile' ]
5 info lifecycle shutit@1.0.0~precompile: shutit@1.0.0
6 silly lifecycle shutit@1.0.0~precompile: no script for precompile, continuing
7 info lifecycle shutit@1.0.0~compile: shutit@1.0.0
8 verbose lifecycle shutit@1.0.0~compile: unsafe-perm in lifecycle true
9 verbose lifecycle shutit@1.0.0~compile: PATH: /usr/share/npm/bin/node-gyp-bin:/home/lir/PycharmProjects/shutit/shutit/source/node_modules/.bin:/home/lir/.local/share/umake/bin:/home/lir/bin:/home/lir/.local/bin:/usr/local/bin:/usr/bin:/bin:/usr/local/games:/usr/games:/snap/bin
10 verbose lifecycle shutit@1.0.0~compile: CWD: /home/lir/PycharmProjects/shutit/shutit/source
11 silly lifecycle shutit@1.0.0~compile: Args: [ '-c',
11 silly lifecycle   'eslint js/* && rm -f ../shutit/static/shutit/js/*  && rm -f ../shutit/static/shutit/css/*  && rm -f ../shutit/templates/shutit/* && babel js/ --out-dir ../shutit/static/shutit/js/ && cp css/* ../shutit/static/shutit/css/ && cp templates/* ../shutit/templates/shutit/ ' ]
12 silly lifecycle shutit@1.0.0~compile: Returned: code: 1  signal: null
13 info lifecycle shutit@1.0.0~compile: Failed to exec compile script
14 verbose stack Error: shutit@1.0.0 compile: `eslint js/* && rm -f ../shutit/static/shutit/js/*  && rm -f ../shutit/static/shutit/css/*  && rm -f ../shutit/templates/shutit/* && babel js/ --out-dir ../shutit/static/shutit/js/ && cp css/* ../shutit/static/shutit/css/ && cp templates/* ../shutit/templates/shutit/ `
14 verbose stack Exit status 1
14 verbose stack     at EventEmitter.<anonymous> (/usr/share/npm/lib/utils/lifecycle.js:232:16)
14 verbose stack     at emitTwo (events.js:87:13)
14 verbose stack     at EventEmitter.emit (events.js:172:7)
14 verbose stack     at ChildProcess.<anonymous> (/usr/share/npm/lib/utils/spawn.js:24:14)
14 verbose stack     at emitTwo (events.js:87:13)
14 verbose stack     at ChildProcess.emit (events.js:172:7)
14 verbose stack     at maybeClose (internal/child_process.js:821:16)
14 verbose stack     at Process.ChildProcess._handle.onexit (internal/child_process.js:211:5)
15 verbose pkgid shutit@1.0.0
16 verbose cwd /home/lir/PycharmProjects/shutit/shutit/source
17 error Linux 3.14.0
18 error argv "/usr/bin/nodejs" "/usr/bin/npm" "run" "compile"
19 error node v4.2.6
20 error npm  v3.5.2
21 error code ELIFECYCLE
22 error shutit@1.0.0 compile: `eslint js/* && rm -f ../shutit/static/shutit/js/*  && rm -f ../shutit/static/shutit/css/*  && rm -f ../shutit/templates/shutit/* && babel js/ --out-dir ../shutit/static/shutit/js/ && cp css/* ../shutit/static/shutit/css/ && cp templates/* ../shutit/templates/shutit/ `
22 error Exit status 1
23 error Failed at the shutit@1.0.0 compile script 'eslint js/* && rm -f ../shutit/static/shutit/js/*  && rm -f ../shutit/static/shutit/css/*  && rm -f ../shutit/templates/shutit/* && babel js/ --out-dir ../shutit/static/shutit/js/ && cp css/* ../shutit/static/shutit/css/ && cp templates/* ../shutit/templates/shutit/ '.
23 error Make sure you have the latest version of node.js and npm installed.
23 error If you do, this is most likely a problem with the shutit package,
23 error not with npm itself.
23 error Tell the author that this fails on your system:
23 error     eslint js/* && rm -f ../shutit/static/shutit/js/*  && rm -f ../shutit/static/shutit/css/*  && rm -f ../shutit/templates/shutit/* && babel js/ --out-dir ../shutit/static/shutit/js/ && cp css/* ../shutit/static/shutit/css/ && cp templates/* ../shutit/templates/shutit/
23 error You can get information on how to open an issue for this project with:
23 error     npm bugs shutit
23 error Or if that isn't available, you can get their info via:
23 error     npm owner ls shutit
23 error There is likely additional logging output above.
24 verbose exit [ 1, true ]
